<?xml version="1.0" encoding="UTF-8"?>
<!-- Generated by org.testng.reporters.JUnitReportReporter -->
<testsuite hostname="DESKTOP-6R428CL" failures="0" tests="1" name="TestngDemo" time="4.339" errors="0" timestamp="23 Jan 2022 06:26:24 GMT" skipped="0">
  <testcase classname="TestngDemo" name="googleSearch" time="4.339"/>
</testsuite> <!-- TestngDemo -->
